2016-08-13 09:40:59,828 INFO  [Log] **************************************************************************************** 
2016-08-13 09:40:59,829 INFO  [Log] **************************************************************************************** 
2016-08-13 09:40:59,829 INFO  [Log] $$$$$$$$$$$$$$$$$$$$$                 testCase001_LoginAndVerifications       $$$$$$$$$$$$$$$$$$$$$$$$$ 
2016-08-13 09:40:59,829 INFO  [Log] **************************************************************************************** 
2016-08-13 09:40:59,829 INFO  [Log] **************************************************************************************** 
2016-08-13 09:40:59,829 INFO  [Log] inside BeforeText, configuring elements... 
2016-08-13 09:40:59,829 INFO  [Log] Getting WebDriver instance 
2016-08-13 09:41:01,112 INFO  [Log] WebDriver intance received, now pasing to appWordPres3 
2016-08-13 10:12:56,358 INFO  [Log] **************************************************************************************** 
2016-08-13 10:12:56,358 INFO  [Log] **************************************************************************************** 
2016-08-13 10:12:56,358 INFO  [Log] $$$$$$$$$$$$$$$$$$$$$                 testCase001_LoginAndVerifications       $$$$$$$$$$$$$$$$$$$$$$$$$ 
2016-08-13 10:12:56,359 INFO  [Log] **************************************************************************************** 
2016-08-13 10:12:56,359 INFO  [Log] **************************************************************************************** 
2016-08-13 10:12:56,359 INFO  [Log] inside BeforeText, configuring elements... 
2016-08-13 10:12:56,359 INFO  [Log] Getting WebDriver instance 
2016-08-13 10:12:57,684 INFO  [Log] WebDriver intance received, now pasing to appWordPres3 
2016-08-13 10:12:57,694 INFO  [Log] Strting actual tets case execution 
2016-08-13 10:14:15,289 INFO  [Log] **************************************************************************************** 
2016-08-13 10:14:15,289 INFO  [Log] **************************************************************************************** 
2016-08-13 10:14:15,289 INFO  [Log] $$$$$$$$$$$$$$$$$$$$$                 testCase001_LoginAndVerifications       $$$$$$$$$$$$$$$$$$$$$$$$$ 
2016-08-13 10:14:15,290 INFO  [Log] **************************************************************************************** 
2016-08-13 10:14:15,290 INFO  [Log] **************************************************************************************** 
2016-08-13 10:14:15,290 INFO  [Log] inside BeforeText, configuring elements... 
2016-08-13 10:14:15,290 INFO  [Log] Getting WebDriver instance 
2016-08-13 10:14:16,585 INFO  [Log] WebDriver intance received, now pasing to appWordPres3 
2016-08-13 10:14:16,596 INFO  [Log] Strting actual tets case execution 
2016-08-13 10:16:09,733 INFO  [Log] **************************************************************************************** 
2016-08-13 10:16:09,734 INFO  [Log] **************************************************************************************** 
2016-08-13 10:16:09,734 INFO  [Log] $$$$$$$$$$$$$$$$$$$$$                 testCase001_LoginAndVerifications       $$$$$$$$$$$$$$$$$$$$$$$$$ 
2016-08-13 10:16:09,734 INFO  [Log] **************************************************************************************** 
2016-08-13 10:16:09,734 INFO  [Log] **************************************************************************************** 
2016-08-13 10:16:09,734 INFO  [Log] inside BeforeText, configuring elements... 
2016-08-13 10:16:09,734 INFO  [Log] Getting WebDriver instance 
2016-08-13 10:16:11,053 INFO  [Log] WebDriver intance received, now pasing to appWordPres3 
2016-08-13 10:16:11,080 INFO  [Log] Strting actual tets case execution 
2016-08-13 10:16:48,873 INFO  [Log] **************************************************************************************** 
2016-08-13 10:16:48,874 INFO  [Log] **************************************************************************************** 
2016-08-13 10:16:48,874 INFO  [Log] $$$$$$$$$$$$$$$$$$$$$                 testCase001_LoginAndVerifications       $$$$$$$$$$$$$$$$$$$$$$$$$ 
2016-08-13 10:16:48,874 INFO  [Log] **************************************************************************************** 
2016-08-13 10:16:48,874 INFO  [Log] **************************************************************************************** 
2016-08-13 10:16:48,874 INFO  [Log] inside BeforeText, configuring elements... 
2016-08-13 10:16:48,874 INFO  [Log] Getting WebDriver instance 
2016-08-13 10:16:50,144 INFO  [Log] WebDriver intance received, now pasing to appWordPres3 
2016-08-13 10:16:50,157 INFO  [Log] Strting actual tets case execution 
2016-08-13 10:17:05,951 INFO  [Log] Inside Login, getting username and password for login 
2016-08-13 10:17:05,977 INFO  [Log] clicking Login button 
2016-08-13 10:17:40,400 INFO  [Log] **************************************************************************************** 
2016-08-13 10:17:40,400 INFO  [Log] **************************************************************************************** 
2016-08-13 10:17:40,400 INFO  [Log] $$$$$$$$$$$$$$$$$$$$$                 testCase001_LoginAndVerifications       $$$$$$$$$$$$$$$$$$$$$$$$$ 
2016-08-13 10:17:40,400 INFO  [Log] **************************************************************************************** 
2016-08-13 10:17:40,400 INFO  [Log] **************************************************************************************** 
2016-08-13 10:17:40,400 INFO  [Log] inside BeforeText, configuring elements... 
2016-08-13 10:17:40,400 INFO  [Log] Getting WebDriver instance 
2016-08-13 10:17:41,681 INFO  [Log] WebDriver intance received, now pasing to appWordPres3 
2016-08-13 10:17:41,706 INFO  [Log] Strting actual tets case execution 
2016-08-13 10:17:52,203 INFO  [Log] Inside Login, getting username and password for login 
2016-08-13 10:17:52,215 INFO  [Log] clicking Login button 
2016-08-13 10:18:09,386 INFO  [Log] **************************************************************************************** 
2016-08-13 10:18:09,387 INFO  [Log] **************************************************************************************** 
2016-08-13 10:18:09,387 INFO  [Log] $$$$$$$$$$$$$$$$$$$$$                 testCase001_LoginAndVerifications       $$$$$$$$$$$$$$$$$$$$$$$$$ 
2016-08-13 10:18:09,387 INFO  [Log] **************************************************************************************** 
2016-08-13 10:18:09,387 INFO  [Log] **************************************************************************************** 
2016-08-13 10:18:09,387 INFO  [Log] inside BeforeText, configuring elements... 
2016-08-13 10:18:09,387 INFO  [Log] Getting WebDriver instance 
2016-08-13 10:18:10,667 INFO  [Log] WebDriver intance received, now pasing to appWordPres3 
2016-08-13 10:18:10,691 INFO  [Log] Strting actual tets case execution 
2016-08-13 10:18:18,517 INFO  [Log] Inside Login, getting username and password for login 
2016-08-13 10:18:18,736 INFO  [Log] clicking Login button 
2016-08-13 11:29:07,812 INFO  [Log] **************************************************************************************** 
2016-08-13 11:29:07,813 INFO  [Log] **************************************************************************************** 
2016-08-13 11:29:07,813 INFO  [Log] $$$$$$$$$$$$$$$$$$$$$                 testCase001_LoginAndVerifications       $$$$$$$$$$$$$$$$$$$$$$$$$ 
2016-08-13 11:29:07,813 INFO  [Log] **************************************************************************************** 
2016-08-13 11:29:07,813 INFO  [Log] **************************************************************************************** 
2016-08-13 11:29:07,813 INFO  [Log] inside BeforeText, configuring elements... 
2016-08-13 11:29:07,813 INFO  [Log] Getting WebDriver instance 
2016-08-13 11:29:10,738 INFO  [Log] WebDriver intance received, now pasing to appWordPres3 
2016-08-13 11:29:10,763 INFO  [Log] Strting actual tets case execution 
2016-08-13 11:29:26,551 INFO  [Log] Inside Login, getting username and password for login 
2016-08-13 11:29:26,743 INFO  [Log] clicking Login button 
2016-08-13 11:30:28,272 INFO  [Log] **************************************************************************************** 
2016-08-13 11:30:28,273 INFO  [Log] **************************************************************************************** 
2016-08-13 11:30:28,273 INFO  [Log] $$$$$$$$$$$$$$$$$$$$$                 testCase001_LoginAndVerifications       $$$$$$$$$$$$$$$$$$$$$$$$$ 
2016-08-13 11:30:28,273 INFO  [Log] **************************************************************************************** 
2016-08-13 11:30:28,273 INFO  [Log] **************************************************************************************** 
2016-08-13 11:30:28,273 INFO  [Log] inside BeforeText, configuring elements... 
2016-08-13 11:30:28,273 INFO  [Log] Getting WebDriver instance 
2016-08-13 11:30:31,660 INFO  [Log] WebDriver intance received, now pasing to appWordPres3 
2016-08-13 11:30:31,681 INFO  [Log] Strting actual tets case execution 
2016-08-13 11:30:50,130 INFO  [Log] Inside Login, getting username and password for login 
2016-08-13 11:30:50,297 INFO  [Log] clicking Login button 
2016-08-13 11:32:12,397 INFO  [Log] **************************************************************************************** 
2016-08-13 11:32:12,398 INFO  [Log] **************************************************************************************** 
2016-08-13 11:32:12,398 INFO  [Log] $$$$$$$$$$$$$$$$$$$$$                 testCase001_LoginAndVerifications       $$$$$$$$$$$$$$$$$$$$$$$$$ 
2016-08-13 11:32:12,398 INFO  [Log] **************************************************************************************** 
2016-08-13 11:32:12,398 INFO  [Log] **************************************************************************************** 
2016-08-13 11:32:12,398 INFO  [Log] inside BeforeText, configuring elements... 
2016-08-13 11:32:12,398 INFO  [Log] Getting WebDriver instance 
2016-08-13 11:32:15,807 INFO  [Log] WebDriver intance received, now pasing to appWordPres3 
2016-08-13 11:32:15,964 INFO  [Log] Strting actual tets case execution 
2016-08-13 11:32:25,912 INFO  [Log] Inside Login, getting username and password for login 
2016-08-13 11:32:26,063 INFO  [Log] clicking Login button 
2016-08-13 11:34:03,402 INFO  [Log] **************************************************************************************** 
2016-08-13 11:34:03,402 INFO  [Log] **************************************************************************************** 
2016-08-13 11:34:03,402 INFO  [Log] $$$$$$$$$$$$$$$$$$$$$                 testCase001_LoginAndVerifications       $$$$$$$$$$$$$$$$$$$$$$$$$ 
2016-08-13 11:34:03,402 INFO  [Log] **************************************************************************************** 
2016-08-13 11:34:03,402 INFO  [Log] **************************************************************************************** 
2016-08-13 11:34:03,402 INFO  [Log] inside BeforeText, configuring elements... 
2016-08-13 11:34:03,402 INFO  [Log] Getting WebDriver instance 
2016-08-13 11:34:06,878 INFO  [Log] WebDriver intance received, now pasing to appWordPres3 
2016-08-13 11:34:06,901 INFO  [Log] Strting actual tets case execution 
2016-08-13 11:34:18,265 INFO  [Log] Inside Login, getting username and password for login 
2016-08-13 11:34:18,407 INFO  [Log] clicking Login button 
2016-08-13 11:56:00,118 INFO  [Log] **************************************************************************************** 
2016-08-13 11:56:00,118 INFO  [Log] **************************************************************************************** 
2016-08-13 11:56:00,118 INFO  [Log] $$$$$$$$$$$$$$$$$$$$$                 testCase001_LoginAndVerifications       $$$$$$$$$$$$$$$$$$$$$$$$$ 
2016-08-13 11:56:00,118 INFO  [Log] **************************************************************************************** 
2016-08-13 11:56:00,118 INFO  [Log] **************************************************************************************** 
2016-08-13 11:56:00,118 INFO  [Log] inside BeforeText, configuring elements... 
2016-08-13 11:56:00,118 INFO  [Log] Getting WebDriver instance 
2016-08-13 11:56:01,898 INFO  [Log] WebDriver intance received, now pasing to appWordPres3 
2016-08-13 11:56:01,923 INFO  [Log] Strting actual tets case execution 
2016-08-13 11:56:16,330 INFO  [Log] Inside Login, getting username and password for login 
2016-08-13 11:56:16,466 INFO  [Log] clicking Login button 
2016-08-13 12:10:44,109 INFO  [Log] **************************************************************************************** 
2016-08-13 12:10:44,109 INFO  [Log] **************************************************************************************** 
2016-08-13 12:10:44,109 INFO  [Log] $$$$$$$$$$$$$$$$$$$$$                 testCase001_LoginAndVerifications       $$$$$$$$$$$$$$$$$$$$$$$$$ 
2016-08-13 12:10:44,109 INFO  [Log] **************************************************************************************** 
2016-08-13 12:10:44,109 INFO  [Log] **************************************************************************************** 
2016-08-13 12:10:44,109 INFO  [Log] inside BeforeText, configuring elements... 
2016-08-13 12:10:44,109 INFO  [Log] Getting WebDriver instance 
2016-08-13 12:10:46,798 INFO  [Log] WebDriver intance received, now pasing to appWordPres3 
2016-08-13 12:10:46,826 INFO  [Log] Strting actual tets case execution 
2016-08-13 12:10:58,088 INFO  [Log] Inside Login, getting username and password for login 
2016-08-13 12:10:58,236 INFO  [Log] clicking Login button 
2016-08-13 12:11:55,470 INFO  [Log] **************************************************************************************** 
2016-08-13 12:11:55,471 INFO  [Log] **************************************************************************************** 
2016-08-13 12:11:55,471 INFO  [Log] $$$$$$$$$$$$$$$$$$$$$                 testCase001_LoginAndVerifications       $$$$$$$$$$$$$$$$$$$$$$$$$ 
2016-08-13 12:11:55,471 INFO  [Log] **************************************************************************************** 
2016-08-13 12:11:55,471 INFO  [Log] **************************************************************************************** 
2016-08-13 12:11:55,471 INFO  [Log] inside BeforeText, configuring elements... 
2016-08-13 12:11:55,471 INFO  [Log] Getting WebDriver instance 
2016-08-13 12:11:57,290 INFO  [Log] WebDriver intance received, now pasing to appWordPres3 
2016-08-13 12:11:57,309 INFO  [Log] Strting actual tets case execution 
2016-08-13 12:12:04,125 INFO  [Log] Inside Login, getting username and password for login 
2016-08-13 12:12:04,265 INFO  [Log] clicking Login button 
2016-08-13 12:14:04,602 INFO  [Log] **************************************************************************************** 
2016-08-13 12:14:04,602 INFO  [Log] **************************************************************************************** 
2016-08-13 12:14:04,602 INFO  [Log] $$$$$$$$$$$$$$$$$$$$$                 testCase001_LoginAndVerifications       $$$$$$$$$$$$$$$$$$$$$$$$$ 
2016-08-13 12:14:04,602 INFO  [Log] **************************************************************************************** 
2016-08-13 12:14:04,602 INFO  [Log] **************************************************************************************** 
2016-08-13 12:14:04,603 INFO  [Log] inside BeforeText, configuring elements... 
2016-08-13 12:14:04,603 INFO  [Log] Getting WebDriver instance 
2016-08-13 12:14:05,926 INFO  [Log] WebDriver intance received, now pasing to appWordPres3 
2016-08-13 12:14:05,951 INFO  [Log] Strting actual tets case execution 
2016-08-13 12:14:15,931 INFO  [Log] Inside Login, getting username and password for login 
2016-08-13 12:14:16,075 INFO  [Log] clicking Login button 
2016-08-13 12:14:53,734 INFO  [Log] **************************************************************************************** 
2016-08-13 12:14:53,734 INFO  [Log] **************************************************************************************** 
2016-08-13 12:14:53,734 INFO  [Log] $$$$$$$$$$$$$$$$$$$$$                 testCase001_LoginAndVerifications       $$$$$$$$$$$$$$$$$$$$$$$$$ 
2016-08-13 12:14:53,734 INFO  [Log] **************************************************************************************** 
2016-08-13 12:14:53,734 INFO  [Log] **************************************************************************************** 
2016-08-13 12:14:53,734 INFO  [Log] inside BeforeText, configuring elements... 
2016-08-13 12:14:53,734 INFO  [Log] Getting WebDriver instance 
2016-08-13 12:14:55,050 INFO  [Log] WebDriver intance received, now pasing to appWordPres3 
2016-08-13 12:14:55,070 INFO  [Log] Strting actual tets case execution 
2016-08-13 12:15:05,304 INFO  [Log] Inside Login, getting username and password for login 
2016-08-13 12:15:05,451 INFO  [Log] clicking Login button 
2016-08-13 12:16:14,196 INFO  [Log] **************************************************************************************** 
2016-08-13 12:16:14,197 INFO  [Log] **************************************************************************************** 
2016-08-13 12:16:14,197 INFO  [Log] $$$$$$$$$$$$$$$$$$$$$                 testCase001_LoginAndVerifications       $$$$$$$$$$$$$$$$$$$$$$$$$ 
2016-08-13 12:16:14,197 INFO  [Log] **************************************************************************************** 
2016-08-13 12:16:14,197 INFO  [Log] **************************************************************************************** 
2016-08-13 12:16:14,197 INFO  [Log] inside BeforeText, configuring elements... 
2016-08-13 12:16:14,197 INFO  [Log] Getting WebDriver instance 
2016-08-13 12:16:15,506 INFO  [Log] WebDriver intance received, now pasing to appWordPres3 
2016-08-13 12:16:15,528 INFO  [Log] Strting actual tets case execution 
2016-08-13 12:16:22,572 INFO  [Log] Inside Login, getting username and password for login 
2016-08-13 12:16:22,717 INFO  [Log] clicking Login button 
2016-08-13 12:17:08,624 INFO  [Log] **************************************************************************************** 
2016-08-13 12:17:08,624 INFO  [Log] **************************************************************************************** 
2016-08-13 12:17:08,624 INFO  [Log] $$$$$$$$$$$$$$$$$$$$$                 testCase001_LoginAndVerifications       $$$$$$$$$$$$$$$$$$$$$$$$$ 
2016-08-13 12:17:08,624 INFO  [Log] **************************************************************************************** 
2016-08-13 12:17:08,624 INFO  [Log] **************************************************************************************** 
2016-08-13 12:17:08,624 INFO  [Log] inside BeforeText, configuring elements... 
2016-08-13 12:17:08,624 INFO  [Log] Getting WebDriver instance 
2016-08-13 12:17:09,968 INFO  [Log] WebDriver intance received, now pasing to appWordPres3 
2016-08-13 12:17:09,987 INFO  [Log] Strting actual tets case execution 
2016-08-13 12:17:17,492 INFO  [Log] Inside Login, getting username and password for login 
2016-08-13 12:17:17,680 INFO  [Log] clicking Login button 
2016-08-13 12:17:44,884 INFO  [Log] **************************************************************************************** 
2016-08-13 12:17:44,884 INFO  [Log] **************************************************************************************** 
2016-08-13 12:17:44,884 INFO  [Log] $$$$$$$$$$$$$$$$$$$$$                 testCase001_LoginAndVerifications       $$$$$$$$$$$$$$$$$$$$$$$$$ 
2016-08-13 12:17:44,884 INFO  [Log] **************************************************************************************** 
2016-08-13 12:17:44,884 INFO  [Log] **************************************************************************************** 
2016-08-13 12:17:44,884 INFO  [Log] inside BeforeText, configuring elements... 
2016-08-13 12:17:44,884 INFO  [Log] Getting WebDriver instance 
2016-08-13 12:17:46,380 INFO  [Log] WebDriver intance received, now pasing to appWordPres3 
2016-08-13 12:17:46,399 INFO  [Log] Strting actual tets case execution 
2016-08-13 12:17:52,916 INFO  [Log] Inside Login, getting username and password for login 
2016-08-13 12:17:53,075 INFO  [Log] clicking Login button 
2016-08-13 12:19:25,425 INFO  [Log] **************************************************************************************** 
2016-08-13 12:19:25,425 INFO  [Log] **************************************************************************************** 
2016-08-13 12:19:25,426 INFO  [Log] $$$$$$$$$$$$$$$$$$$$$                 testCase001_LoginAndVerifications       $$$$$$$$$$$$$$$$$$$$$$$$$ 
2016-08-13 12:19:25,426 INFO  [Log] **************************************************************************************** 
2016-08-13 12:19:25,426 INFO  [Log] **************************************************************************************** 
2016-08-13 12:19:25,426 INFO  [Log] inside BeforeText, configuring elements... 
2016-08-13 12:19:25,426 INFO  [Log] Getting WebDriver instance 
2016-08-13 12:19:28,039 INFO  [Log] WebDriver intance received, now pasing to appWordPres3 
2016-08-13 12:19:28,061 INFO  [Log] Strting actual tets case execution 
2016-08-13 12:19:36,964 INFO  [Log] Inside Login, getting username and password for login 
2016-08-13 12:19:37,121 INFO  [Log] clicking Login button 
2016-08-13 12:20:53,412 INFO  [Log] **************************************************************************************** 
2016-08-13 12:20:53,412 INFO  [Log] **************************************************************************************** 
2016-08-13 12:20:53,413 INFO  [Log] $$$$$$$$$$$$$$$$$$$$$                 testCase001_LoginAndVerifications       $$$$$$$$$$$$$$$$$$$$$$$$$ 
2016-08-13 12:20:53,413 INFO  [Log] **************************************************************************************** 
2016-08-13 12:20:53,413 INFO  [Log] **************************************************************************************** 
2016-08-13 12:20:53,413 INFO  [Log] inside BeforeText, configuring elements... 
2016-08-13 12:20:53,413 INFO  [Log] Getting WebDriver instance 
2016-08-13 12:20:56,185 INFO  [Log] WebDriver intance received, now pasing to appWordPres3 
2016-08-13 12:20:56,210 INFO  [Log] Strting actual tets case execution 
2016-08-13 12:21:04,650 INFO  [Log] Inside Login, getting username and password for login 
2016-08-13 12:21:04,809 INFO  [Log] clicking Login button 
2016-08-13 12:26:05,790 INFO  [Log] **************************************************************************************** 
2016-08-13 12:26:05,790 INFO  [Log] **************************************************************************************** 
2016-08-13 12:26:05,790 INFO  [Log] $$$$$$$$$$$$$$$$$$$$$                 testCase001_LoginAndVerifications       $$$$$$$$$$$$$$$$$$$$$$$$$ 
2016-08-13 12:26:05,790 INFO  [Log] **************************************************************************************** 
2016-08-13 12:26:05,790 INFO  [Log] **************************************************************************************** 
2016-08-13 12:26:05,790 INFO  [Log] inside BeforeText, configuring elements... 
2016-08-13 12:26:05,790 INFO  [Log] Getting WebDriver instance 
2016-08-13 12:26:07,517 INFO  [Log] WebDriver intance received, now pasing to appWordPres3 
2016-08-13 12:26:07,539 INFO  [Log] Strting actual tets case execution 
2016-08-13 12:26:16,173 INFO  [Log] Inside Login, getting username and password for login 
2016-08-13 12:26:16,331 INFO  [Log] clicking Login button 
2016-08-13 12:28:32,256 INFO  [Log] **************************************************************************************** 
2016-08-13 12:28:32,256 INFO  [Log] **************************************************************************************** 
2016-08-13 12:28:32,256 INFO  [Log] $$$$$$$$$$$$$$$$$$$$$                 testCase001_LoginAndVerifications       $$$$$$$$$$$$$$$$$$$$$$$$$ 
2016-08-13 12:28:32,256 INFO  [Log] **************************************************************************************** 
2016-08-13 12:28:32,256 INFO  [Log] **************************************************************************************** 
2016-08-13 12:28:32,256 INFO  [Log] inside BeforeText, configuring elements... 
2016-08-13 12:28:32,256 INFO  [Log] Getting WebDriver instance 
2016-08-13 12:28:33,545 INFO  [Log] WebDriver intance received, now pasing to appWordPres3 
2016-08-13 12:28:33,570 INFO  [Log] Strting actual tets case execution 
2016-08-13 12:28:44,858 INFO  [Log] Inside Login, getting username and password for login 
2016-08-13 12:28:45,013 INFO  [Log] clicking Login button 
2016-08-13 12:29:07,624 INFO  [Log] **************************************************************************************** 
2016-08-13 12:29:07,624 INFO  [Log] **************************************************************************************** 
2016-08-13 12:29:07,624 INFO  [Log] $$$$$$$$$$$$$$$$$$$$$                 testCase001_LoginAndVerifications       $$$$$$$$$$$$$$$$$$$$$$$$$ 
2016-08-13 12:29:07,624 INFO  [Log] **************************************************************************************** 
2016-08-13 12:29:07,624 INFO  [Log] **************************************************************************************** 
2016-08-13 12:29:07,625 INFO  [Log] inside BeforeText, configuring elements... 
2016-08-13 12:29:07,625 INFO  [Log] Getting WebDriver instance 
2016-08-13 12:29:08,900 INFO  [Log] WebDriver intance received, now pasing to appWordPres3 
2016-08-13 12:29:08,920 INFO  [Log] Strting actual tets case execution 
2016-08-13 12:29:15,490 INFO  [Log] Inside Login, getting username and password for login 
2016-08-13 12:29:15,648 INFO  [Log] clicking Login button 
2016-08-13 12:30:09,622 INFO  [Log] **************************************************************************************** 
2016-08-13 12:30:09,622 INFO  [Log] **************************************************************************************** 
2016-08-13 12:30:09,622 INFO  [Log] $$$$$$$$$$$$$$$$$$$$$                 testCase001_LoginAndVerifications       $$$$$$$$$$$$$$$$$$$$$$$$$ 
2016-08-13 12:30:09,622 INFO  [Log] **************************************************************************************** 
2016-08-13 12:30:09,622 INFO  [Log] **************************************************************************************** 
2016-08-13 12:30:09,623 INFO  [Log] inside BeforeText, configuring elements... 
2016-08-13 12:30:09,623 INFO  [Log] Getting WebDriver instance 
2016-08-13 12:30:10,931 INFO  [Log] WebDriver intance received, now pasing to appWordPres3 
2016-08-13 12:30:10,950 INFO  [Log] Strting actual tets case execution 
2016-08-13 12:30:17,415 INFO  [Log] Inside Login, getting username and password for login 
2016-08-13 12:30:17,572 INFO  [Log] clicking Login button 
2016-08-13 12:34:17,184 INFO  [Log] **************************************************************************************** 
2016-08-13 12:34:17,184 INFO  [Log] **************************************************************************************** 
2016-08-13 12:34:17,184 INFO  [Log] $$$$$$$$$$$$$$$$$$$$$                 testCase001_LoginAndVerifications       $$$$$$$$$$$$$$$$$$$$$$$$$ 
2016-08-13 12:34:17,184 INFO  [Log] **************************************************************************************** 
2016-08-13 12:34:17,184 INFO  [Log] **************************************************************************************** 
2016-08-13 12:34:17,184 INFO  [Log] inside BeforeText, configuring elements... 
2016-08-13 12:34:17,184 INFO  [Log] Getting WebDriver instance 
2016-08-13 12:34:18,471 INFO  [Log] WebDriver intance received, now pasing to appWordPres3 
2016-08-13 12:34:18,494 INFO  [Log] Strting actual tets case execution 
2016-08-13 12:34:25,757 INFO  [Log] Inside Login, getting username and password for login 
2016-08-13 12:34:25,913 INFO  [Log] clicking Login button 
2016-08-13 12:35:21,317 INFO  [Log] **************************************************************************************** 
2016-08-13 12:35:21,318 INFO  [Log] **************************************************************************************** 
2016-08-13 12:35:21,318 INFO  [Log] $$$$$$$$$$$$$$$$$$$$$                 testCase001_LoginAndVerifications       $$$$$$$$$$$$$$$$$$$$$$$$$ 
2016-08-13 12:35:21,318 INFO  [Log] **************************************************************************************** 
2016-08-13 12:35:21,318 INFO  [Log] **************************************************************************************** 
2016-08-13 12:35:21,318 INFO  [Log] inside BeforeText, configuring elements... 
2016-08-13 12:35:21,318 INFO  [Log] Getting WebDriver instance 
2016-08-13 12:35:22,591 INFO  [Log] WebDriver intance received, now pasing to appWordPres3 
2016-08-13 12:35:22,613 INFO  [Log] Strting actual tets case execution 
2016-08-13 12:35:57,550 INFO  [Log] **************************************************************************************** 
2016-08-13 12:35:57,551 INFO  [Log] **************************************************************************************** 
2016-08-13 12:35:57,551 INFO  [Log] $$$$$$$$$$$$$$$$$$$$$                 testCase001_LoginAndVerifications       $$$$$$$$$$$$$$$$$$$$$$$$$ 
2016-08-13 12:35:57,551 INFO  [Log] **************************************************************************************** 
2016-08-13 12:35:57,551 INFO  [Log] **************************************************************************************** 
2016-08-13 12:35:57,551 INFO  [Log] inside BeforeText, configuring elements... 
2016-08-13 12:35:57,551 INFO  [Log] Getting WebDriver instance 
2016-08-13 12:35:58,906 INFO  [Log] WebDriver intance received, now pasing to appWordPres3 
2016-08-13 12:35:58,933 INFO  [Log] Strting actual tets case execution 
2016-08-13 12:36:15,229 INFO  [Log] Inside Login, getting username and password for login 
2016-08-13 12:36:15,410 INFO  [Log] clicking Login button 
2016-08-13 12:37:47,282 INFO  [Log] **************************************************************************************** 
2016-08-13 12:37:47,283 INFO  [Log] **************************************************************************************** 
2016-08-13 12:37:47,283 INFO  [Log] $$$$$$$$$$$$$$$$$$$$$                 testCase001_LoginAndVerifications       $$$$$$$$$$$$$$$$$$$$$$$$$ 
2016-08-13 12:37:47,283 INFO  [Log] **************************************************************************************** 
2016-08-13 12:37:47,283 INFO  [Log] **************************************************************************************** 
2016-08-13 12:37:47,283 INFO  [Log] inside BeforeText, configuring elements... 
2016-08-13 12:37:47,283 INFO  [Log] Getting WebDriver instance 
2016-08-13 12:37:48,626 INFO  [Log] WebDriver intance received, now pasing to appWordPres3 
2016-08-13 12:37:48,645 INFO  [Log] Strting actual tets case execution 
2016-08-13 12:37:55,746 INFO  [Log] Inside Login, getting username and password for login 
2016-08-13 12:37:55,908 INFO  [Log] clicking Login button 
2016-08-13 12:58:47,736 INFO  [Log] **************************************************************************************** 
2016-08-13 12:58:47,736 INFO  [Log] **************************************************************************************** 
2016-08-13 12:58:47,736 INFO  [Log] $$$$$$$$$$$$$$$$$$$$$                 testCase002       $$$$$$$$$$$$$$$$$$$$$$$$$ 
2016-08-13 12:58:47,736 INFO  [Log] **************************************************************************************** 
2016-08-13 12:58:47,736 INFO  [Log] **************************************************************************************** 
2016-08-13 12:58:47,736 INFO  [Log] inside BeforeText, configuring elements... 
2016-08-13 12:58:47,737 INFO  [Log] WebDriver intance received, now pasing to appWordPres3 
2016-08-13 12:58:47,762 ERROR [Log] Could not move to the specified element; here is some more detail: 
2016-08-13 12:58:47,762 ERROR [Log] [Ljava.lang.StackTraceElement;@1d8d30f7 
2016-08-13 12:59:34,710 INFO  [Log] **************************************************************************************** 
2016-08-13 12:59:34,710 INFO  [Log] **************************************************************************************** 
2016-08-13 12:59:34,710 INFO  [Log] $$$$$$$$$$$$$$$$$$$$$                 testCase001_LoginAndVerifications       $$$$$$$$$$$$$$$$$$$$$$$$$ 
2016-08-13 12:59:34,711 INFO  [Log] **************************************************************************************** 
2016-08-13 12:59:34,711 INFO  [Log] **************************************************************************************** 
2016-08-13 12:59:34,711 INFO  [Log] inside BeforeText, configuring elements... 
2016-08-13 12:59:34,711 INFO  [Log] Getting WebDriver instance 
2016-08-13 12:59:36,015 INFO  [Log] WebDriver intance received, now pasing to appWordPres3 
2016-08-13 12:59:36,035 INFO  [Log] **************************************************************************************** 
2016-08-13 12:59:36,035 INFO  [Log] **************************************************************************************** 
2016-08-13 12:59:36,035 INFO  [Log] $$$$$$$$$$$$$$$$$$$$$                 testCase002       $$$$$$$$$$$$$$$$$$$$$$$$$ 
2016-08-13 12:59:36,036 INFO  [Log] **************************************************************************************** 
2016-08-13 12:59:36,036 INFO  [Log] **************************************************************************************** 
2016-08-13 12:59:36,036 INFO  [Log] inside BeforeText, configuring elements... 
2016-08-13 12:59:36,036 INFO  [Log] WebDriver intance received, now pasing to appWordPres3 
2016-08-13 12:59:36,049 INFO  [Log] Strting actual tets case execution 
2016-08-13 12:59:44,204 INFO  [Log] Inside Login, getting username and password for login 
2016-08-13 12:59:44,354 INFO  [Log] clicking Login button 
2016-08-13 12:59:51,519 ERROR [Log] Could not move to the specified element; here is some more detail: 
2016-08-13 12:59:51,519 ERROR [Log] [Ljava.lang.StackTraceElement;@7e6ef134 
2016-08-13 13:22:10,867 INFO  [Log] **************************************************************************************** 
2016-08-13 13:22:10,867 INFO  [Log] **************************************************************************************** 
2016-08-13 13:22:10,867 INFO  [Log] $$$$$$$$$$$$$$$$$$$$$                 testCase001_LoginAndVerifications       $$$$$$$$$$$$$$$$$$$$$$$$$ 
2016-08-13 13:22:10,867 INFO  [Log] **************************************************************************************** 
2016-08-13 13:22:10,868 INFO  [Log] **************************************************************************************** 
2016-08-13 13:22:10,868 INFO  [Log] inside BeforeText, configuring elements... 
2016-08-13 13:22:10,868 INFO  [Log] Getting WebDriver instance 
2016-08-13 13:22:12,203 INFO  [Log] WebDriver intance received, now pasing to appWordPres3 
2016-08-13 13:22:12,219 INFO  [Log] **************************************************************************************** 
2016-08-13 13:22:12,219 INFO  [Log] **************************************************************************************** 
2016-08-13 13:22:12,219 INFO  [Log] $$$$$$$$$$$$$$$$$$$$$                 testCase002       $$$$$$$$$$$$$$$$$$$$$$$$$ 
2016-08-13 13:22:12,219 INFO  [Log] **************************************************************************************** 
2016-08-13 13:22:12,219 INFO  [Log] **************************************************************************************** 
2016-08-13 13:22:12,219 INFO  [Log] inside BeforeText, configuring elements... 
2016-08-13 13:22:12,220 INFO  [Log] WebDriver intance received, now pasing to appWordPres3 
2016-08-13 13:22:12,228 INFO  [Log] Strting actual tets case execution 
2016-08-13 13:22:18,821 INFO  [Log] Inside Login, getting username and password for login 
2016-08-13 13:22:18,976 INFO  [Log] clicking Login button 
2016-08-13 13:22:23,722 ERROR [Log] Could not move to the specified element; here is some more detail: 
2016-08-13 13:22:23,722 ERROR [Log] [Ljava.lang.StackTraceElement;@7e6ef134 
2016-08-13 13:24:28,527 INFO  [Log] **************************************************************************************** 
2016-08-13 13:24:28,527 INFO  [Log] **************************************************************************************** 
2016-08-13 13:24:28,527 INFO  [Log] $$$$$$$$$$$$$$$$$$$$$                 testCase001_LoginAndVerifications       $$$$$$$$$$$$$$$$$$$$$$$$$ 
2016-08-13 13:24:28,527 INFO  [Log] **************************************************************************************** 
2016-08-13 13:24:28,527 INFO  [Log] **************************************************************************************** 
2016-08-13 13:24:28,527 INFO  [Log] inside BeforeText, configuring elements... 
2016-08-13 13:24:28,527 INFO  [Log] Getting WebDriver instance 
2016-08-13 13:24:29,806 INFO  [Log] WebDriver intance received, now pasing to appWordPres3 
2016-08-13 13:24:29,830 INFO  [Log] **************************************************************************************** 
2016-08-13 13:24:29,830 INFO  [Log] **************************************************************************************** 
2016-08-13 13:24:29,831 INFO  [Log] $$$$$$$$$$$$$$$$$$$$$                 testCase002       $$$$$$$$$$$$$$$$$$$$$$$$$ 
2016-08-13 13:24:29,831 INFO  [Log] **************************************************************************************** 
2016-08-13 13:24:29,831 INFO  [Log] **************************************************************************************** 
2016-08-13 13:24:29,831 INFO  [Log] inside BeforeText, configuring elements... 
2016-08-13 13:24:29,831 INFO  [Log] WebDriver intance received, now pasing to appWordPres3 
2016-08-13 13:24:29,842 INFO  [Log] Strting actual tets case execution 
2016-08-13 13:24:35,511 INFO  [Log] Inside Login, getting username and password for login 
2016-08-13 13:24:35,672 INFO  [Log] clicking Login button 
2016-08-13 13:25:37,278 ERROR [Log] Could not move to the specified element; here is some more detail: 
2016-08-13 13:25:37,278 ERROR [Log] [Ljava.lang.StackTraceElement;@2e385cce 
2016-08-13 13:27:32,315 INFO  [Log] **************************************************************************************** 
2016-08-13 13:27:32,315 INFO  [Log] **************************************************************************************** 
2016-08-13 13:27:32,315 INFO  [Log] $$$$$$$$$$$$$$$$$$$$$                 testCase001_LoginAndVerifications       $$$$$$$$$$$$$$$$$$$$$$$$$ 
2016-08-13 13:27:32,315 INFO  [Log] **************************************************************************************** 
2016-08-13 13:27:32,315 INFO  [Log] **************************************************************************************** 
2016-08-13 13:27:32,315 INFO  [Log] inside BeforeText, configuring elements... 
2016-08-13 13:27:32,315 INFO  [Log] Getting WebDriver instance 
2016-08-13 13:27:33,598 INFO  [Log] WebDriver intance received, now pasing to appWordPres3 
2016-08-13 13:27:33,619 INFO  [Log] **************************************************************************************** 
2016-08-13 13:27:33,619 INFO  [Log] **************************************************************************************** 
2016-08-13 13:27:33,619 INFO  [Log] $$$$$$$$$$$$$$$$$$$$$                 testCase002       $$$$$$$$$$$$$$$$$$$$$$$$$ 
2016-08-13 13:27:33,619 INFO  [Log] **************************************************************************************** 
2016-08-13 13:27:33,619 INFO  [Log] **************************************************************************************** 
2016-08-13 13:27:33,619 INFO  [Log] inside BeforeText, configuring elements... 
2016-08-13 13:27:33,619 INFO  [Log] WebDriver intance received, now pasing to appWordPres3 
2016-08-13 13:27:33,633 INFO  [Log] Strting actual tets case execution 
2016-08-13 13:27:44,259 INFO  [Log] Inside Login, getting username and password for login 
2016-08-13 13:27:44,409 INFO  [Log] clicking Login button 
2016-08-13 13:28:46,407 ERROR [Log] Could not move to the specified element; here is some more detail: 
2016-08-13 13:28:46,407 ERROR [Log] [Ljava.lang.StackTraceElement;@2e385cce 
2016-08-13 14:09:43,873 INFO  [Log] **************************************************************************************** 
2016-08-13 14:09:43,873 INFO  [Log] **************************************************************************************** 
2016-08-13 14:09:43,873 INFO  [Log] $$$$$$$$$$$$$$$$$$$$$                 testCase001_LoginAndVerifications       $$$$$$$$$$$$$$$$$$$$$$$$$ 
2016-08-13 14:09:43,874 INFO  [Log] **************************************************************************************** 
2016-08-13 14:09:43,874 INFO  [Log] **************************************************************************************** 
2016-08-13 14:09:43,874 INFO  [Log] inside BeforeText, configuring elements... 
2016-08-13 14:09:43,874 INFO  [Log] Getting WebDriver instance 
2016-08-13 14:09:45,227 INFO  [Log] WebDriver intance received, now pasing to appWordPres3 
2016-08-13 14:09:45,248 INFO  [Log] Strting actual tets case execution 
2016-08-13 14:09:56,396 INFO  [Log] Inside Login, getting username and password for login 
2016-08-13 14:09:56,548 INFO  [Log] clicking Login button 
2016-08-13 14:10:31,682 ERROR [Log] Could not move to the specified element; here is some more detail: 
2016-08-13 14:10:31,682 ERROR [Log] [Ljava.lang.StackTraceElement;@60099951 
2016-08-13 14:10:57,523 INFO  [Log] **************************************************************************************** 
2016-08-13 14:10:57,523 INFO  [Log] **************************************************************************************** 
2016-08-13 14:10:57,523 INFO  [Log] $$$$$$$$$$$$$$$$$$$$$                 testCase001_LoginAndVerifications       $$$$$$$$$$$$$$$$$$$$$$$$$ 
2016-08-13 14:10:57,524 INFO  [Log] **************************************************************************************** 
2016-08-13 14:10:57,524 INFO  [Log] **************************************************************************************** 
2016-08-13 14:10:57,524 INFO  [Log] inside BeforeText, configuring elements... 
2016-08-13 14:10:57,524 INFO  [Log] Getting WebDriver instance 
2016-08-13 14:10:58,861 INFO  [Log] WebDriver intance received, now pasing to appWordPres3 
2016-08-13 14:10:58,881 INFO  [Log] Strting actual tets case execution 
2016-08-13 14:11:06,304 INFO  [Log] Inside Login, getting username and password for login 
2016-08-13 14:11:06,449 INFO  [Log] clicking Login button 
2016-08-13 14:11:09,837 ERROR [Log] Could not move to the specified element; here is some more detail: 
2016-08-13 14:11:09,837 ERROR [Log] [Ljava.lang.StackTraceElement;@60099951 
2016-08-13 14:12:20,831 INFO  [Log] **************************************************************************************** 
2016-08-13 14:12:20,831 INFO  [Log] **************************************************************************************** 
2016-08-13 14:12:20,831 INFO  [Log] $$$$$$$$$$$$$$$$$$$$$                 testCase001_LoginAndVerifications       $$$$$$$$$$$$$$$$$$$$$$$$$ 
2016-08-13 14:12:20,831 INFO  [Log] **************************************************************************************** 
2016-08-13 14:12:20,831 INFO  [Log] **************************************************************************************** 
2016-08-13 14:12:20,831 INFO  [Log] inside BeforeText, configuring elements... 
2016-08-13 14:12:20,831 INFO  [Log] Getting WebDriver instance 
2016-08-13 14:12:22,119 INFO  [Log] WebDriver intance received, now pasing to appWordPres3 
2016-08-13 14:12:22,143 INFO  [Log] Strting actual tets case execution 
2016-08-13 14:12:30,230 INFO  [Log] Inside Login, getting username and password for login 
2016-08-13 14:12:30,378 INFO  [Log] clicking Login button 
2016-08-13 14:13:17,533 INFO  [Log] **************************************************************************************** 
2016-08-13 14:13:17,534 INFO  [Log] **************************************************************************************** 
2016-08-13 14:13:17,534 INFO  [Log] $$$$$$$$$$$$$$$$$$$$$                 testCase001_LoginAndVerifications       $$$$$$$$$$$$$$$$$$$$$$$$$ 
2016-08-13 14:13:17,534 INFO  [Log] **************************************************************************************** 
2016-08-13 14:13:17,534 INFO  [Log] **************************************************************************************** 
2016-08-13 14:13:17,534 INFO  [Log] inside BeforeText, configuring elements... 
2016-08-13 14:13:17,534 INFO  [Log] Getting WebDriver instance 
2016-08-13 14:13:18,840 INFO  [Log] WebDriver intance received, now pasing to appWordPres3 
2016-08-13 14:13:18,860 INFO  [Log] Strting actual tets case execution 
2016-08-13 14:13:27,574 INFO  [Log] Inside Login, getting username and password for login 
2016-08-13 14:13:27,725 INFO  [Log] clicking Login button 
2016-08-13 14:14:15,823 INFO  [Log] **************************************************************************************** 
2016-08-13 14:14:15,823 INFO  [Log] **************************************************************************************** 
2016-08-13 14:14:15,823 INFO  [Log] $$$$$$$$$$$$$$$$$$$$$                 testCase001_LoginAndVerifications       $$$$$$$$$$$$$$$$$$$$$$$$$ 
2016-08-13 14:14:15,823 INFO  [Log] **************************************************************************************** 
2016-08-13 14:14:15,823 INFO  [Log] **************************************************************************************** 
2016-08-13 14:14:15,823 INFO  [Log] inside BeforeText, configuring elements... 
2016-08-13 14:14:15,823 INFO  [Log] Getting WebDriver instance 
2016-08-13 14:14:17,127 INFO  [Log] WebDriver intance received, now pasing to appWordPres3 
2016-08-13 14:14:17,148 INFO  [Log] Strting actual tets case execution 
2016-08-13 14:14:31,420 INFO  [Log] Inside Login, getting username and password for login 
2016-08-13 14:14:31,572 INFO  [Log] clicking Login button 
2016-08-13 14:27:43,121 INFO  [Log] **************************************************************************************** 
2016-08-13 14:27:43,121 INFO  [Log] **************************************************************************************** 
2016-08-13 14:27:43,121 INFO  [Log] $$$$$$$$$$$$$$$$$$$$$                 testCase001_LoginAndVerifications       $$$$$$$$$$$$$$$$$$$$$$$$$ 
2016-08-13 14:27:43,121 INFO  [Log] **************************************************************************************** 
2016-08-13 14:27:43,121 INFO  [Log] **************************************************************************************** 
2016-08-13 14:27:43,121 INFO  [Log] inside BeforeText, configuring elements... 
2016-08-13 14:27:43,121 INFO  [Log] Getting WebDriver instance 
2016-08-13 14:27:44,438 INFO  [Log] WebDriver intance received, now pasing to appWordPres3 
2016-08-13 14:27:44,459 INFO  [Log] Strting actual tets case execution 
2016-08-13 14:27:54,951 INFO  [Log] Inside Login, getting username and password for login 
2016-08-13 14:27:55,109 INFO  [Log] clicking Login button 
2016-08-13 14:35:00,291 INFO  [Log] **************************************************************************************** 
2016-08-13 14:35:00,291 INFO  [Log] **************************************************************************************** 
2016-08-13 14:35:00,291 INFO  [Log] $$$$$$$$$$$$$$$$$$$$$                 testCase001_LoginAndVerifications       $$$$$$$$$$$$$$$$$$$$$$$$$ 
2016-08-13 14:35:00,291 INFO  [Log] **************************************************************************************** 
2016-08-13 14:35:00,291 INFO  [Log] **************************************************************************************** 
2016-08-13 14:35:00,291 INFO  [Log] inside BeforeText, configuring elements... 
2016-08-13 14:35:00,291 INFO  [Log] Getting WebDriver instance 
2016-08-13 14:35:01,651 INFO  [Log] WebDriver intance received, now pasing to appWordPres3 
2016-08-13 14:35:01,669 INFO  [Log] Strting actual tets case execution 
2016-08-13 14:35:13,075 INFO  [Log] Inside Login, getting username and password for login 
2016-08-13 14:35:13,232 INFO  [Log] clicking Login button 
2016-08-13 14:36:15,223 INFO  [Log] **************************************************************************************** 
2016-08-13 14:36:15,224 INFO  [Log] **************************************************************************************** 
2016-08-13 14:36:15,224 INFO  [Log] $$$$$$$$$$$$$$$$$$$$$                 testCase001_LoginAndVerifications       $$$$$$$$$$$$$$$$$$$$$$$$$ 
2016-08-13 14:36:15,224 INFO  [Log] **************************************************************************************** 
2016-08-13 14:36:15,224 INFO  [Log] **************************************************************************************** 
2016-08-13 14:36:15,224 INFO  [Log] inside BeforeText, configuring elements... 
2016-08-13 14:36:15,224 INFO  [Log] Getting WebDriver instance 
2016-08-13 14:36:16,568 INFO  [Log] WebDriver intance received, now pasing to appWordPres3 
2016-08-13 14:36:16,587 INFO  [Log] Strting actual tets case execution 
2016-08-13 14:36:24,969 INFO  [Log] Inside Login, getting username and password for login 
2016-08-13 14:36:25,127 INFO  [Log] clicking Login button 
2016-08-13 14:36:32,186 ERROR [Log] Could not move to the specified element; here is some more detail: 
2016-08-13 14:36:32,186 ERROR [Log] [Ljava.lang.StackTraceElement;@29a0cdb 
